12:22:09 [Skill] INFO  Skill:139 - Connecting to Furhat server on 0.0.0.0:1932
12:22:10 [Skill] WARN  BrokerClient: 82 - Connection refused (Connection refused) (is the server running and reachable?)
12:22:11 [Skill] WARN  BrokerClient: 82 - Connection refused (Connection refused) (is the server running and reachable?)
12:22:13 [Skill] WARN  BrokerClient: 82 - Connection refused (Connection refused) (is the server running and reachable?)
12:22:14 [Skill] WARN  BrokerClient: 82 - Connection refused (Connection refused) (is the server running and reachable?)
12:22:15 [Skill] WARN  BrokerClient: 82 - Connection refused (Connection refused) (is the server running and reachable?)
12:22:16 [Skill] WARN  BrokerClient: 82 - Connection refused (Connection refused) (is the server running and reachable?)
12:22:17 [Skill] WARN  BrokerClient: 82 - Connection refused (Connection refused) (is the server running and reachable?)
12:22:18 [Skill] WARN  BrokerClient: 82 - Connection refused (Connection refused) (is the server running and reachable?)
12:22:19 [Skill] WARN  BrokerClient: 82 - Connection refused (Connection refused) (is the server running and reachable?)
12:22:20 [Skill] WARN  BrokerClient: 82 - Connection refused (Connection refused) (is the server running and reachable?)
12:22:21 [Skill] WARN  BrokerClient: 82 - Connection refused (Connection refused) (is the server running and reachable?)
12:22:23 [Skill] WARN  BrokerClient: 82 - Connection refused (Connection refused) (is the server running and reachable?)
12:22:24 [Skill] WARN  BrokerClient: 82 - Connection refused (Connection refused) (is the server running and reachable?)
12:22:24 [ProjectSkill] INFO  ProjectSkill:166 - Starting skill
12:22:25 [ProjectSkill] ERROR InitRunner: 28 - java.lang.NullPointerException
12:22:25 [ErrorLoggingThread] ERROR ProjectSkill:459 - java.lang.NullPointerException
	at furhatos.skills.FurhatSpeech.getVoices(FurhatSpeech.java:294)
	at furhatos.skills.FurhatEventWrapper.getVoices(FurhatEventWrapper.java:31)
	at furhatos.skills.FurhatSpeech.getVoice(FurhatSpeech.java:303)
	at furhatos.skills.FurhatEventWrapper.getVoice(FurhatEventWrapper.java:31)
	at furhatos.skills.FurhatSpeech.setVoiceAndInputLanguage(FurhatSpeech.java:283)
	at furhatos.skills.FurhatEventWrapper.setVoiceAndInputLanguage(FurhatEventWrapper.java:31)
	at furhatos.flow.kotlin.Furhat.setVoice(Furhat.kt:707)
	at furhatos.flow.kotlin.Furhat.internalSetVoice(Furhat.kt:728)
	at furhatos.flow.kotlin.Furhat.setVoice(Furhat.kt:743)
	at furhatos.flow.kotlin.Furhat.setVoice$default(Furhat.kt:741)
	at furhatos.app.project.flow.GeneralKt$Idle$1$1.invoke(general.kt:9)
	at furhatos.app.project.flow.GeneralKt$Idle$1$1.invoke(general.kt)
	at furhatos.flow.kotlin.InitRunner.run(InitRunner.kt:25)
	at furhatos.flow.kotlin.StateRunner.runInitTrigger(StateRunner.kt:215)
	at furhatos.flow.kotlin.StateRunner.run(StateRunner.kt:64)
	at furhatos.flow.kotlin.Flow.tailRecRun(Flow.kt:146)
	at furhatos.flow.kotlin.Flow.run(Flow.kt:110)
	at furhatos.app.project.ProjectSkill.start(main.kt:9)
	at furhatos.skills.Skill.initializeSkill(Skill.java:169)
	at furhatos.skills.Skill.lambda$startSkill$2(Skill.java:227)
	at java.lang.Thread.run(Thread.java:748)

